<?xml version="1.0" encoding="UTF-8"?>
<testsuite name="com.db.awmd.challenge.AccountsControllerTest" time="1.156" tests="15" errors="0" skipped="0" failures="0">
  <properties>
[...]
</properties>
  <testcase name="transferFunds_WithAvailableBalanceLessThanAmount" classname="com.db.awmd.challenge.AccountsControllerTest" time="0.423"/>
  <testcase name="createDuplicateAccount" classname="com.db.awmd.challenge.AccountsControllerTest" time="0.057"/>
  <testcase name="transferFunds_WithEmptyCreditAccountId" classname="com.db.awmd.challenge.AccountsControllerTest" time="0.016"/>
  <testcase name="getAccount" classname="com.db.awmd.challenge.AccountsControllerTest" time="0.063"/>
  <testcase name="transferFunds_WithAvailableBalanceGreaterThanAmount" classname="com.db.awmd.challenge.AccountsControllerTest" time="0.096"/>
  <testcase name="transferFunds_WithEmptyDebitAccountId" classname="com.db.awmd.challenge.AccountsControllerTest" time="0.015"/>
  <testcase name="createAccountNegativeBalance" classname="com.db.awmd.challenge.AccountsControllerTest" time="0.019"/>
  <testcase name="transferFunds_WithInvalidCreditAccountId" classname="com.db.awmd.challenge.AccountsControllerTest" time="0.022"/>
  <testcase name="createAccountEmptyAccountId" classname="com.db.awmd.challenge.AccountsControllerTest" time="0.019"/>
  <testcase name="createAccountNoBody" classname="com.db.awmd.challenge.AccountsControllerTest" time="0"/>
  <testcase name="createAccount" classname="com.db.awmd.challenge.AccountsControllerTest" time="0.339"/>
  <testcase name="createAccountNoAccountId" classname="com.db.awmd.challenge.AccountsControllerTest" time="0.006"/>
  <testcase name="transferFunds_WithNegativeAmount" classname="com.db.awmd.challenge.AccountsControllerTest" time="0.08"/>
  <testcase name="createAccountNoBalance" classname="com.db.awmd.challenge.AccountsControllerTest" time="0.001"/>
  <testcase name="transferFunds_WithInvalidDebitAccountId" classname="com.db.awmd.challenge.AccountsControllerTest" time="0"/>
</testsuite>